


ARM Macro Assembler    Page 1 


    1 00000000         ; * ----------------------------------------------------
                       ---------------------
    2 00000000         ; *  @file:    startup_MKV58F24.s
    3 00000000         ; *  @purpose: CMSIS Cortex-M7 Core Device Startup File
    4 00000000         ; *            MKV58F24
    5 00000000         ; *  @version: 0.3
    6 00000000         ; *  @date:    2016-2-29
    7 00000000         ; *  @build:   b180801
    8 00000000         ; * ----------------------------------------------------
                       ---------------------
    9 00000000         ; *
   10 00000000         ; * Copyright 1997-2016 Freescale Semiconductor, Inc.
   11 00000000         ; * Copyright 2016-2018 NXP
   12 00000000         ; *
   13 00000000         ; * SPDX-License-Identifier: BSD-3-Clause
   14 00000000         ; *
   15 00000000         ; *------- <<< Use Configuration Wizard in Context Menu 
                       >>> ------------------
   16 00000000         ; *
   17 00000000         ; ******************************************************
                       ***********************/
   18 00000000         
   19 00000000         
   20 00000000                 PRESERVE8
   21 00000000                 THUMB
   22 00000000         
   23 00000000         
   24 00000000         ; Vector Table Mapped to Address 0 at Reset
   25 00000000         
   26 00000000                 AREA             RESET, DATA, READONLY
   27 00000000                 EXPORT           __Vectors
   28 00000000                 EXPORT           __Vectors_End
   29 00000000                 EXPORT           __Vectors_Size
   30 00000000                 IMPORT           |Image$$ARM_LIB_STACK$$ZI$$Limi
t|
   31 00000000         
   32 00000000 00000000 
                       __Vectors
                               DCD              |Image$$ARM_LIB_STACK$$ZI$$Limi
t| 
                                                            ; Top of Stack
   33 00000004 00000000        DCD              Reset_Handler ; Reset Handler
   34 00000008 00000000        DCD              NMI_Handler ;NMI Handler
   35 0000000C 00000000        DCD              HardFault_Handler 
                                                            ;Hard Fault Handler
                                                            
   36 00000010 00000000        DCD              MemManage_Handler 
                                                            ;MPU Fault Handler
   37 00000014 00000000        DCD              BusFault_Handler 
                                                            ;Bus Fault Handler
   38 00000018 00000000        DCD              UsageFault_Handler ;Usage Fault
                                                             Handler
   39 0000001C 00000000        DCD              0           ;Reserved
   40 00000020 00000000        DCD              0           ;Reserved
   41 00000024 00000000        DCD              0           ;Reserved
   42 00000028 00000000        DCD              0           ;Reserved
   43 0000002C 00000000        DCD              SVC_Handler ;SVCall Handler
   44 00000030 00000000        DCD              DebugMon_Handler ;Debug Monitor
                                                             Handler



ARM Macro Assembler    Page 2 


   45 00000034 00000000        DCD              0           ;Reserved
   46 00000038 00000000        DCD              PendSV_Handler ;PendSV Handler
   47 0000003C 00000000        DCD              SysTick_Handler 
                                                            ;SysTick Handler
   48 00000040         
   49 00000040         ;External Interrupts
   50 00000040 00000000        DCD              DMA0_DMA16_IRQHandler ;DMA chan
                                                            nel 0/16 transfer c
                                                            omplete
   51 00000044 00000000        DCD              DMA1_DMA17_IRQHandler ;DMA chan
                                                            nel 1/17 transfer c
                                                            omplete
   52 00000048 00000000        DCD              DMA2_DMA18_IRQHandler ;DMA chan
                                                            nel 2/18 transfer c
                                                            omplete
   53 0000004C 00000000        DCD              DMA3_DMA19_IRQHandler ;DMA chan
                                                            nel 3/19 transfer c
                                                            omplete
   54 00000050 00000000        DCD              DMA4_DMA20_IRQHandler ;DMA chan
                                                            nel 4/20 transfer c
                                                            omplete
   55 00000054 00000000        DCD              DMA5_DMA21_IRQHandler ;DMA chan
                                                            nel 5/21 transfer c
                                                            omplete
   56 00000058 00000000        DCD              DMA6_DMA22_IRQHandler ;DMA chan
                                                            nel 6/22 transfer c
                                                            omplete
   57 0000005C 00000000        DCD              DMA7_DMA23_IRQHandler ;DMA chan
                                                            nel 7/23 transfer c
                                                            omplete
   58 00000060 00000000        DCD              DMA8_DMA24_IRQHandler ;DMA chan
                                                            nel 8/24 transfer c
                                                            omplete
   59 00000064 00000000        DCD              DMA9_DMA25_IRQHandler ;DMA chan
                                                            nel 9/25 transfer c
                                                            omplete
   60 00000068 00000000        DCD              DMA10_DMA26_IRQHandler ;DMA cha
                                                            nnel 10/26 transfer
                                                             complete
   61 0000006C 00000000        DCD              DMA11_DMA27_IRQHandler ;DMA cha
                                                            nnel 11/27 transfer
                                                             complete
   62 00000070 00000000        DCD              DMA12_DMA28_IRQHandler ;DMA cha
                                                            nnel 12/28 transfer
                                                             complete
   63 00000074 00000000        DCD              DMA13_DMA29_IRQHandler ;DMA cha
                                                            nnel 13/29 transfer
                                                             complete
   64 00000078 00000000        DCD              DMA14_DMA30_IRQHandler ;DMA cha
                                                            nnel 14/30 transfer
                                                             complete
   65 0000007C 00000000        DCD              DMA15_DMA31_IRQHandler ;DMA cha
                                                            nnel 15/31 transfer
                                                             complete
   66 00000080 00000000        DCD              DMA_Error_IRQHandler ;DMA error
                                                             interrupt channels
                                                             0-31
   67 00000084 00000000        DCD              MCM_IRQHandler ;MCM normal inte
                                                            rrupt



ARM Macro Assembler    Page 3 


   68 00000088 00000000        DCD              FTFE_IRQHandler ;FTFL command c
                                                            omplete
   69 0000008C 00000000        DCD              Read_Collision_IRQHandler ;FTFL
                                                             read collision
   70 00000090 00000000        DCD              PMC_IRQHandler ;PMC controller 
                                                            low-voltage detect,
                                                             low-voltage warnin
                                                            g
   71 00000094 00000000        DCD              LLWU_IRQHandler 
                                                            ;Low leakage wakeup
                                                            
   72 00000098 00000000        DCD              WDOG_EWM_IRQHandler ;Single int
                                                            errupt vector for  
                                                            WDOG and EWM
   73 0000009C 00000000        DCD              TRNG0_IRQHandler ;True randon n
                                                            umber generator
   74 000000A0 00000000        DCD              I2C0_IRQHandler ;Inter-integrat
                                                            ed circuit 0
   75 000000A4 00000000        DCD              I2C1_IRQHandler ;Inter-integrat
                                                            ed circuit 1
   76 000000A8 00000000        DCD              SPI0_IRQHandler ;Serial periphe
                                                            ral Interface 0
   77 000000AC 00000000        DCD              SPI1_IRQHandler ;Serial periphe
                                                            ral Interface 1
   78 000000B0 00000000        DCD              UART5_RX_TX_IRQHandler ;UART5 r
                                                            eceive/transmit int
                                                            errupt
   79 000000B4 00000000        DCD              UART5_ERR_IRQHandler ;UART5 err
                                                            or interrupt
   80 000000B8 00000000        DCD              Reserved46_IRQHandler 
                                                            ;Reserved interrupt
                                                            
   81 000000BC 00000000        DCD              UART0_RX_TX_IRQHandler ;UART0 r
                                                            eceive/transmit int
                                                            errupt
   82 000000C0 00000000        DCD              UART0_ERR_IRQHandler ;UART0 err
                                                            or interrupt
   83 000000C4 00000000        DCD              UART1_RX_TX_IRQHandler ;UART1 r
                                                            eceive/transmit int
                                                            errupt
   84 000000C8 00000000        DCD              UART1_ERR_IRQHandler ;UART1 err
                                                            or interrupt
   85 000000CC 00000000        DCD              UART2_RX_TX_IRQHandler ;UART2 r
                                                            eceive/transmit int
                                                            errupt
   86 000000D0 00000000        DCD              UART2_ERR_IRQHandler ;UART2 err
                                                            or interrupt
   87 000000D4 00000000        DCD              ADC0_IRQHandler ;Analog-to-digi
                                                            tal converter 0
   88 000000D8 00000000        DCD              HSADC_ERR_IRQHandler ;High spee
                                                            d analog-to-digital
                                                             converter zero cro
                                                            ss
   89 000000DC 00000000        DCD              HSADC0_CCA_IRQHandler ;High spe
                                                            ed analog-to-digita
                                                            l converter 0 submo
                                                            dule A scan complet
                                                            e
   90 000000E0 00000000        DCD              CMP0_IRQHandler ;Comparator 0



ARM Macro Assembler    Page 4 


   91 000000E4 00000000        DCD              CMP1_IRQHandler ;Comparator 1
   92 000000E8 00000000        DCD              FTM0_IRQHandler ;FlexTimer modu
                                                            le 0 fault, overflo
                                                            w and channels inte
                                                            rrupt
   93 000000EC 00000000        DCD              FTM1_IRQHandler ;FlexTimer modu
                                                            le 1 fault, overflo
                                                            w and channels inte
                                                            rrupt
   94 000000F0 00000000        DCD              UART3_RX_TX_IRQHandler ;UART3 r
                                                            eceive/transmit int
                                                            errupt
   95 000000F4 00000000        DCD              UART3_ERR_IRQHandler ;UART3 err
                                                            or interrupt
   96 000000F8 00000000        DCD              UART4_RX_TX_IRQHandler ;UART4 r
                                                            eceive/transmit int
                                                            errupt
   97 000000FC 00000000        DCD              UART4_ERR_IRQHandler ;UART4 err
                                                            or interrupt
   98 00000100 00000000        DCD              PIT0_IRQHandler ;Periodic inter
                                                            rupt timer channel 
                                                            0
   99 00000104 00000000        DCD              PIT1_IRQHandler ;Periodic inter
                                                            rupt timer channel 
                                                            1
  100 00000108 00000000        DCD              PIT2_IRQHandler ;Periodic inter
                                                            rupt timer channel 
                                                            2
  101 0000010C 00000000        DCD              PIT3_IRQHandler ;Periodic inter
                                                            rupt timer channel 
                                                            3
  102 00000110 00000000        DCD              PDB0_IRQHandler ;Programmable d
                                                            elay block 0
  103 00000114 00000000        DCD              FTM2_IRQHandler ;FlexTimer modu
                                                            le 2 fault, overflo
                                                            w and channels inte
                                                            rrupt
  104 00000118 00000000        DCD              XBARA_IRQHandler ;Inter-periphe
                                                            ral crossbar switch
                                                             A
  105 0000011C 00000000        DCD              PDB1_IRQHandler ;Programmable d
                                                            elay block 1
  106 00000120 00000000        DCD              DAC0_IRQHandler ;Digital-to-ana
                                                            log converter 0
  107 00000124 00000000        DCD              MCG_IRQHandler ;Multipurpose cl
                                                            ock generator
  108 00000128 00000000        DCD              LPTMR0_IRQHandler ;Low power ti
                                                            mer interrupt
  109 0000012C 00000000        DCD              PORTA_IRQHandler 
                                                            ;Port A interrupt
  110 00000130 00000000        DCD              PORTB_IRQHandler 
                                                            ;Port B interrupt
  111 00000134 00000000        DCD              PORTC_IRQHandler 
                                                            ;Port C interrupt
  112 00000138 00000000        DCD              PORTD_IRQHandler 
                                                            ;Port D interrupt
  113 0000013C 00000000        DCD              PORTE_IRQHandler 
                                                            ;Port E interrupt
  114 00000140 00000000        DCD              SWI_IRQHandler 



ARM Macro Assembler    Page 5 


                                                            ;Software interrupt
                                                            
  115 00000144 00000000        DCD              SPI2_IRQHandler ;Serial periphe
                                                            ral Interface 2
  116 00000148 00000000        DCD              ENC_COMPARE_IRQHandler 
                                                            ;ENC Compare
  117 0000014C 00000000        DCD              ENC_HOME_IRQHandler ;ENC Home
  118 00000150 00000000        DCD              ENC_WDOG_SAB_IRQHandler 
                                                            ;ENC Wdog/SAB
  119 00000154 00000000        DCD              ENC_INDEX_IRQHandler ;ENC Index
                                                            /Roll over/Roll Und
                                                            er
  120 00000158 00000000        DCD              CMP2_IRQHandler ;Comparator 2
  121 0000015C 00000000        DCD              FTM3_IRQHandler ;FlexTimer modu
                                                            le 3 fault, overflo
                                                            w and channels
  122 00000160 00000000        DCD              Reserved88_IRQHandler 
                                                            ;Reserved interrupt
                                                            
  123 00000164 00000000        DCD              HSADC0_CCB_IRQHandler ;High spe
                                                            ed analog-to-digita
                                                            l converter 0 submo
                                                            dule B scan complet
                                                            e
  124 00000168 00000000        DCD              HSADC1_CCA_IRQHandler ;High spe
                                                            ed analog-to-digita
                                                            l converter 1 submo
                                                            dule A scan complet
                                                            e
  125 0000016C 00000000        DCD              CAN0_ORed_Message_buffer_IRQHan
dler 
                                                            ;Flex controller ar
                                                            ea network 0 messag
                                                            e buffer
  126 00000170 00000000        DCD              CAN0_Bus_Off_IRQHandler ;Flex c
                                                            ontroller area netw
                                                            ork 0 bus off
  127 00000174 00000000        DCD              CAN0_Error_IRQHandler ;Flex con
                                                            troller area networ
                                                            k 0 error
  128 00000178 00000000        DCD              CAN0_Tx_Warning_IRQHandler ;Fle
                                                            x controller area n
                                                            etwork 0 transmit
  129 0000017C 00000000        DCD              CAN0_Rx_Warning_IRQHandler ;Fle
                                                            x controller area n
                                                            etwork 0 receive
  130 00000180 00000000        DCD              CAN0_Wake_Up_IRQHandler ;Flex c
                                                            ontroller area netw
                                                            ork 0 wake up
  131 00000184 00000000        DCD              PWM0_CMP0_IRQHandler ;Pulse wid
                                                            th modulator 0 chan
                                                            nel 0 compare
  132 00000188 00000000        DCD              PWM0_RELOAD0_IRQHandler ;Pulse 
                                                            width modulator 0 c
                                                            hannel 0 reload
  133 0000018C 00000000        DCD              PWM0_CMP1_IRQHandler ;Pulse wid
                                                            th modulator 0 chan
                                                            nel 1 compare
  134 00000190 00000000        DCD              PWM0_RELOAD1_IRQHandler ;Pulse 



ARM Macro Assembler    Page 6 


                                                            width modulator 0 c
                                                            hannel 1 reload
  135 00000194 00000000        DCD              PWM0_CMP2_IRQHandler ;Pulse wid
                                                            th modulator 0 chan
                                                            nel 2 compare
  136 00000198 00000000        DCD              PWM0_RELOAD2_IRQHandler ;Pulse 
                                                            width modulator 0 c
                                                            hannel 2 reload
  137 0000019C 00000000        DCD              PWM0_CMP3_IRQHandler ;Pulse wid
                                                            th modulator 0 chan
                                                            nel 3 compare
  138 000001A0 00000000        DCD              PWM0_RELOAD3_IRQHandler ;Pulse 
                                                            width modulator 0 c
                                                            hannel 3 reload
  139 000001A4 00000000        DCD              PWM0_CAP_IRQHandler ;Pulse widt
                                                            h modulator 0 captu
                                                            re
  140 000001A8 00000000        DCD              PWM0_RERR_IRQHandler ;Pulse wid
                                                            th modulator 0 relo
                                                            ad error
  141 000001AC 00000000        DCD              PWM0_FAULT_IRQHandler ;Pulse wi
                                                            dth modulator 0 fau
                                                            lt
  142 000001B0 00000000        DCD              CMP3_IRQHandler ;Comparator 3
  143 000001B4 00000000        DCD              HSADC1_CCB_IRQHandler ;High spe
                                                            ed analog-to-digita
                                                            l converter 1 submo
                                                            dule B scan complet
                                                            e
  144 000001B8 00000000        DCD              CAN1_ORed_Message_buffer_IRQHan
dler 
                                                            ;Flex controller ar
                                                            ea network 1 messag
                                                            e buffer
  145 000001BC 00000000        DCD              CAN1_Bus_Off_IRQHandler ;Flex c
                                                            ontroller area netw
                                                            ork 1 bus off
  146 000001C0 00000000        DCD              CAN1_Error_IRQHandler ;Flex con
                                                            troller area networ
                                                            k 1 error
  147 000001C4 00000000        DCD              CAN1_Tx_Warning_IRQHandler ;Fle
                                                            x controller area n
                                                            etwork 1 transmit
  148 000001C8 00000000        DCD              CAN1_Rx_Warning_IRQHandler ;Fle
                                                            x controller area n
                                                            etwork 1 receive
  149 000001CC 00000000        DCD              CAN1_Wake_Up_IRQHandler ;Flex c
                                                            ontroller area netw
                                                            ork 1 wake up
  150 000001D0 00000000        DCD              ENET_1588_Timer_IRQHandler ;Eth
                                                            ernet MAC IEEE 1588
                                                             timer
  151 000001D4 00000000        DCD              ENET_Transmit_IRQHandler ;Ether
                                                            net MAC transmit
  152 000001D8 00000000        DCD              ENET_Receive_IRQHandler ;Ethern
                                                            et MAC receive
  153 000001DC 00000000        DCD              ENET_Error_IRQHandler ;Ethernet
                                                             MAC error and misc
                                                            elaneous



ARM Macro Assembler    Page 7 


  154 000001E0 00000000        DCD              PWM1_CMP0_IRQHandler ;Pulse wid
                                                            th modulator 1 chan
                                                            nel 0 compare
  155 000001E4 00000000        DCD              PWM1_RELOAD0_IRQHandler ;Pulse 
                                                            width modulator 1 c
                                                            hannel 0 reload
  156 000001E8 00000000        DCD              PWM1_CMP1_IRQHandler ;Pulse wid
                                                            th modulator 1 chan
                                                            nel 1 compare
  157 000001EC 00000000        DCD              PWM1_RELOAD1_IRQHandler ;Pulse 
                                                            width modulator 1 c
                                                            hannel 1 reload
  158 000001F0 00000000        DCD              PWM1_CMP2_IRQHandler ;Pulse wid
                                                            th modulator 1 chan
                                                            nel 2 compare
  159 000001F4 00000000        DCD              PWM1_RELOAD2_IRQHandler ;Pulse 
                                                            width modulator 1 c
                                                            hannel 2 reload
  160 000001F8 00000000        DCD              PWM1_CMP3_IRQHandler ;Pulse wid
                                                            th modulator 1 chan
                                                            nel 3 compare
  161 000001FC 00000000        DCD              PWM1_RELOAD3_IRQHandler ;Pulse 
                                                            width modulator 1 c
                                                            hannel 3 reload
  162 00000200 00000000        DCD              PWM1_CAP_IRQHandler ;Pulse widt
                                                            h modulator 1 captu
                                                            re
  163 00000204 00000000        DCD              PWM1_RERR_IRQHandler ;Pulse wid
                                                            th modulator 1 relo
                                                            ad error
  164 00000208 00000000        DCD              PWM1_FAULT_IRQHandler ;Pulse wi
                                                            dth modulator 1 fau
                                                            lt
  165 0000020C 00000000        DCD              CAN2_ORed_Message_buffer_IRQHan
dler 
                                                            ;Flex controller ar
                                                            ea network 2 messag
                                                            e buffer
  166 00000210 00000000        DCD              CAN2_Bus_Off_IRQHandler ;Flex c
                                                            ontroller area netw
                                                            ork 2 bus off
  167 00000214 00000000        DCD              CAN2_Error_IRQHandler ;Flex con
                                                            troller area networ
                                                            k 2 error
  168 00000218 00000000        DCD              CAN2_Tx_Warning_IRQHandler ;Fle
                                                            x controller area n
                                                            etwork 2 transmit
  169 0000021C 00000000        DCD              CAN2_Rx_Warning_IRQHandler ;Fle
                                                            x controller area n
                                                            etwork 2 receive
  170 00000220 00000000        DCD              CAN2_Wake_Up_IRQHandler ;Flex c
                                                            ontroller area netw
                                                            ork 2 wake up
  171 00000224 00000000        DCD              DefaultISR  ;137
  172 00000228 00000000        DCD              DefaultISR  ;138
  173 0000022C 00000000        DCD              DefaultISR  ;139
  174 00000230 00000000        DCD              DefaultISR  ;140
  175 00000234 00000000        DCD              DefaultISR  ;141
  176 00000238 00000000        DCD              DefaultISR  ;142



ARM Macro Assembler    Page 8 


  177 0000023C 00000000        DCD              DefaultISR  ;143
  178 00000240 00000000        DCD              DefaultISR  ;144
  179 00000244 00000000        DCD              DefaultISR  ;145
  180 00000248 00000000        DCD              DefaultISR  ;146
  181 0000024C 00000000        DCD              DefaultISR  ;147
  182 00000250 00000000        DCD              DefaultISR  ;148
  183 00000254 00000000        DCD              DefaultISR  ;149
  184 00000258 00000000        DCD              DefaultISR  ;150
  185 0000025C 00000000        DCD              DefaultISR  ;151
  186 00000260 00000000        DCD              DefaultISR  ;152
  187 00000264 00000000        DCD              DefaultISR  ;153
  188 00000268 00000000        DCD              DefaultISR  ;154
  189 0000026C 00000000        DCD              DefaultISR  ;155
  190 00000270 00000000        DCD              DefaultISR  ;156
  191 00000274 00000000        DCD              DefaultISR  ;157
  192 00000278 00000000        DCD              DefaultISR  ;158
  193 0000027C 00000000        DCD              DefaultISR  ;159
  194 00000280 00000000        DCD              DefaultISR  ;160
  195 00000284 00000000        DCD              DefaultISR  ;161
  196 00000288 00000000        DCD              DefaultISR  ;162
  197 0000028C 00000000        DCD              DefaultISR  ;163
  198 00000290 00000000        DCD              DefaultISR  ;164
  199 00000294 00000000        DCD              DefaultISR  ;165
  200 00000298 00000000        DCD              DefaultISR  ;166
  201 0000029C 00000000        DCD              DefaultISR  ;167
  202 000002A0 00000000        DCD              DefaultISR  ;168
  203 000002A4 00000000        DCD              DefaultISR  ;169
  204 000002A8 00000000        DCD              DefaultISR  ;170
  205 000002AC 00000000        DCD              DefaultISR  ;171
  206 000002B0 00000000        DCD              DefaultISR  ;172
  207 000002B4 00000000        DCD              DefaultISR  ;173
  208 000002B8 00000000        DCD              DefaultISR  ;174
  209 000002BC 00000000        DCD              DefaultISR  ;175
  210 000002C0 00000000        DCD              DefaultISR  ;176
  211 000002C4 00000000        DCD              DefaultISR  ;177
  212 000002C8 00000000        DCD              DefaultISR  ;178
  213 000002CC 00000000        DCD              DefaultISR  ;179
  214 000002D0 00000000        DCD              DefaultISR  ;180
  215 000002D4 00000000        DCD              DefaultISR  ;181
  216 000002D8 00000000        DCD              DefaultISR  ;182
  217 000002DC 00000000        DCD              DefaultISR  ;183
  218 000002E0 00000000        DCD              DefaultISR  ;184
  219 000002E4 00000000        DCD              DefaultISR  ;185
  220 000002E8 00000000        DCD              DefaultISR  ;186
  221 000002EC 00000000        DCD              DefaultISR  ;187
  222 000002F0 00000000        DCD              DefaultISR  ;188
  223 000002F4 00000000        DCD              DefaultISR  ;189
  224 000002F8 00000000        DCD              DefaultISR  ;190
  225 000002FC 00000000        DCD              DefaultISR  ;191
  226 00000300 00000000        DCD              DefaultISR  ;192
  227 00000304 00000000        DCD              DefaultISR  ;193
  228 00000308 00000000        DCD              DefaultISR  ;194
  229 0000030C 00000000        DCD              DefaultISR  ;195
  230 00000310 00000000        DCD              DefaultISR  ;196
  231 00000314 00000000        DCD              DefaultISR  ;197
  232 00000318 00000000        DCD              DefaultISR  ;198
  233 0000031C 00000000        DCD              DefaultISR  ;199
  234 00000320 00000000        DCD              DefaultISR  ;200
  235 00000324 00000000        DCD              DefaultISR  ;201



ARM Macro Assembler    Page 9 


  236 00000328 00000000        DCD              DefaultISR  ;202
  237 0000032C 00000000        DCD              DefaultISR  ;203
  238 00000330 00000000        DCD              DefaultISR  ;204
  239 00000334 00000000        DCD              DefaultISR  ;205
  240 00000338 00000000        DCD              DefaultISR  ;206
  241 0000033C 00000000        DCD              DefaultISR  ;207
  242 00000340 00000000        DCD              DefaultISR  ;208
  243 00000344 00000000        DCD              DefaultISR  ;209
  244 00000348 00000000        DCD              DefaultISR  ;210
  245 0000034C 00000000        DCD              DefaultISR  ;211
  246 00000350 00000000        DCD              DefaultISR  ;212
  247 00000354 00000000        DCD              DefaultISR  ;213
  248 00000358 00000000        DCD              DefaultISR  ;214
  249 0000035C 00000000        DCD              DefaultISR  ;215
  250 00000360 00000000        DCD              DefaultISR  ;216
  251 00000364 00000000        DCD              DefaultISR  ;217
  252 00000368 00000000        DCD              DefaultISR  ;218
  253 0000036C 00000000        DCD              DefaultISR  ;219
  254 00000370 00000000        DCD              DefaultISR  ;220
  255 00000374 00000000        DCD              DefaultISR  ;221
  256 00000378 00000000        DCD              DefaultISR  ;222
  257 0000037C 00000000        DCD              DefaultISR  ;223
  258 00000380 00000000        DCD              DefaultISR  ;224
  259 00000384 00000000        DCD              DefaultISR  ;225
  260 00000388 00000000        DCD              DefaultISR  ;226
  261 0000038C 00000000        DCD              DefaultISR  ;227
  262 00000390 00000000        DCD              DefaultISR  ;228
  263 00000394 00000000        DCD              DefaultISR  ;229
  264 00000398 00000000        DCD              DefaultISR  ;230
  265 0000039C 00000000        DCD              DefaultISR  ;231
  266 000003A0 00000000        DCD              DefaultISR  ;232
  267 000003A4 00000000        DCD              DefaultISR  ;233
  268 000003A8 00000000        DCD              DefaultISR  ;234
  269 000003AC 00000000        DCD              DefaultISR  ;235
  270 000003B0 00000000        DCD              DefaultISR  ;236
  271 000003B4 00000000        DCD              DefaultISR  ;237
  272 000003B8 00000000        DCD              DefaultISR  ;238
  273 000003BC 00000000        DCD              DefaultISR  ;239
  274 000003C0 00000000        DCD              DefaultISR  ;240
  275 000003C4 00000000        DCD              DefaultISR  ;241
  276 000003C8 00000000        DCD              DefaultISR  ;242
  277 000003CC 00000000        DCD              DefaultISR  ;243
  278 000003D0 00000000        DCD              DefaultISR  ;244
  279 000003D4 00000000        DCD              DefaultISR  ;245
  280 000003D8 00000000        DCD              DefaultISR  ;246
  281 000003DC 00000000        DCD              DefaultISR  ;247
  282 000003E0 00000000        DCD              DefaultISR  ;248
  283 000003E4 00000000        DCD              DefaultISR  ;249
  284 000003E8 00000000        DCD              DefaultISR  ;250
  285 000003EC 00000000        DCD              DefaultISR  ;251
  286 000003F0 00000000        DCD              DefaultISR  ;252
  287 000003F4 00000000        DCD              DefaultISR  ;253
  288 000003F8 00000000        DCD              DefaultISR  ;254
  289 000003FC FFFFFFFF        DCD              0xFFFFFFFF  ; Reserved for user
                                                             TRIM value
  290 00000400         __Vectors_End
  291 00000400         
  292 00000400 00000400 
                       __Vectors_Size



ARM Macro Assembler    Page 10 


                               EQU              __Vectors_End - __Vectors
  293 00000400         
  294 00000400         ; <h> Flash Configuration
  295 00000400         ;   <i> 16-byte flash configuration field that stores de
                       fault protection settings (loaded on reset)
  296 00000400         ;   <i> and security information that allows the MCU to 
                       restrict access to the FTFL module.
  297 00000400         ;   <h> Backdoor Comparison Key
  298 00000400         ;     <o0>  Backdoor Comparison Key 0.  <0x0-0xFF:2>
  299 00000400         ;     <o1>  Backdoor Comparison Key 1.  <0x0-0xFF:2>
  300 00000400         ;     <o2>  Backdoor Comparison Key 2.  <0x0-0xFF:2>
  301 00000400         ;     <o3>  Backdoor Comparison Key 3.  <0x0-0xFF:2>
  302 00000400         ;     <o4>  Backdoor Comparison Key 4.  <0x0-0xFF:2>
  303 00000400         ;     <o5>  Backdoor Comparison Key 5.  <0x0-0xFF:2>
  304 00000400         ;     <o6>  Backdoor Comparison Key 6.  <0x0-0xFF:2>
  305 00000400         ;     <o7>  Backdoor Comparison Key 7.  <0x0-0xFF:2>
  306 00000400 000000FF 
                       BackDoorK0
                               EQU              0xFF
  307 00000400 000000FF 
                       BackDoorK1
                               EQU              0xFF
  308 00000400 000000FF 
                       BackDoorK2
                               EQU              0xFF
  309 00000400 000000FF 
                       BackDoorK3
                               EQU              0xFF
  310 00000400 000000FF 
                       BackDoorK4
                               EQU              0xFF
  311 00000400 000000FF 
                       BackDoorK5
                               EQU              0xFF
  312 00000400 000000FF 
                       BackDoorK6
                               EQU              0xFF
  313 00000400 000000FF 
                       BackDoorK7
                               EQU              0xFF
  314 00000400         ;   </h>
  315 00000400         ;   <h> Program flash protection bytes (FPROT)
  316 00000400         ;     <i> Each program flash region can be protected fro
                       m program and erase operation by setting the associated 
                       PROT bit.
  317 00000400         ;     <i> Each bit protects a 1/32 region of the program
                        flash memory.
  318 00000400         ;     <h> FPROT0
  319 00000400         ;       <i> Program Flash Region Protect Register 0
  320 00000400         ;       <i> 1/32 - 8/32 region
  321 00000400         ;       <o.0>   FPROT0.0
  322 00000400         ;       <o.1>   FPROT0.1
  323 00000400         ;       <o.2>   FPROT0.2
  324 00000400         ;       <o.3>   FPROT0.3
  325 00000400         ;       <o.4>   FPROT0.4
  326 00000400         ;       <o.5>   FPROT0.5
  327 00000400         ;       <o.6>   FPROT0.6
  328 00000400         ;       <o.7>   FPROT0.7
  329 00000400 00000000 



ARM Macro Assembler    Page 11 


                       nFPROT0 EQU              0x00
  330 00000400 000000FF 
                       FPROT0  EQU              nFPROT0:EOR:0xFF
  331 00000400         ;     </h>
  332 00000400         ;     <h> FPROT1
  333 00000400         ;       <i> Program Flash Region Protect Register 1
  334 00000400         ;       <i> 9/32 - 16/32 region
  335 00000400         ;       <o.0>   FPROT1.0
  336 00000400         ;       <o.1>   FPROT1.1
  337 00000400         ;       <o.2>   FPROT1.2
  338 00000400         ;       <o.3>   FPROT1.3
  339 00000400         ;       <o.4>   FPROT1.4
  340 00000400         ;       <o.5>   FPROT1.5
  341 00000400         ;       <o.6>   FPROT1.6
  342 00000400         ;       <o.7>   FPROT1.7
  343 00000400 00000000 
                       nFPROT1 EQU              0x00
  344 00000400 000000FF 
                       FPROT1  EQU              nFPROT1:EOR:0xFF
  345 00000400         ;     </h>
  346 00000400         ;     <h> FPROT2
  347 00000400         ;       <i> Program Flash Region Protect Register 2
  348 00000400         ;       <i> 17/32 - 24/32 region
  349 00000400         ;       <o.0>   FPROT2.0
  350 00000400         ;       <o.1>   FPROT2.1
  351 00000400         ;       <o.2>   FPROT2.2
  352 00000400         ;       <o.3>   FPROT2.3
  353 00000400         ;       <o.4>   FPROT2.4
  354 00000400         ;       <o.5>   FPROT2.5
  355 00000400         ;       <o.6>   FPROT2.6
  356 00000400         ;       <o.7>   FPROT2.7
  357 00000400 00000000 
                       nFPROT2 EQU              0x00
  358 00000400 000000FF 
                       FPROT2  EQU              nFPROT2:EOR:0xFF
  359 00000400         ;     </h>
  360 00000400         ;     <h> FPROT3
  361 00000400         ;       <i> Program Flash Region Protect Register 3
  362 00000400         ;       <i> 25/32 - 32/32 region
  363 00000400         ;       <o.0>   FPROT3.0
  364 00000400         ;       <o.1>   FPROT3.1
  365 00000400         ;       <o.2>   FPROT3.2
  366 00000400         ;       <o.3>   FPROT3.3
  367 00000400         ;       <o.4>   FPROT3.4
  368 00000400         ;       <o.5>   FPROT3.5
  369 00000400         ;       <o.6>   FPROT3.6
  370 00000400         ;       <o.7>   FPROT3.7
  371 00000400 00000000 
                       nFPROT3 EQU              0x00
  372 00000400 000000FF 
                       FPROT3  EQU              nFPROT3:EOR:0xFF
  373 00000400         ;     </h>
  374 00000400         ;   </h>
  375 00000400         ;   <h> Flash nonvolatile option byte (FOPT)
  376 00000400         ;     <i> Allows the user to customize the operation of 
                       the MCU at boot time.
  377 00000400         ;     <o.0> LPBOOT
  378 00000400         ;       <0=> Low-power boot
  379 00000400         ;       <1=> Normal boot



ARM Macro Assembler    Page 12 


  380 00000400         ;     <o.2> NMI_DIS
  381 00000400         ;       <0=> NMI interrupts are always blocked
  382 00000400         ;       <1=> NMI_b pin/interrupts reset default to enabl
                       ed
  383 00000400         ;     <o.5> FAST_INIT
  384 00000400         ;       <0=> Slower initialization
  385 00000400         ;       <1=> Fast Initialization
  386 00000400 000000FF 
                       FOPT    EQU              0xFF
  387 00000400         ;   </h>
  388 00000400         ;   <h> Flash security byte (FSEC)
  389 00000400         ;     <i> WARNING: If SEC field is configured as "MCU se
                       curity status is secure" and MEEN field is configured as
                        "Mass erase is disabled",
  390 00000400         ;     <i> MCU's security status cannot be set back to un
                       secure state since Mass erase via the debugger is blocke
                       d !!!
  391 00000400         ;     <o.0..1> SEC
  392 00000400         ;       <2=> MCU security status is unsecure
  393 00000400         ;       <3=> MCU security status is secure
  394 00000400         ;         <i> Flash Security
  395 00000400         ;     <o.2..3> FSLACC
  396 00000400         ;       <2=> Freescale factory access denied
  397 00000400         ;       <3=> Freescale factory access granted
  398 00000400         ;         <i> Freescale Failure Analysis Access Code
  399 00000400         ;     <o.4..5> MEEN
  400 00000400         ;       <2=> Mass erase is disabled
  401 00000400         ;       <3=> Mass erase is enabled
  402 00000400         ;     <o.6..7> KEYEN
  403 00000400         ;       <2=> Backdoor key access enabled
  404 00000400         ;       <3=> Backdoor key access disabled
  405 00000400         ;         <i> Backdoor Key Security Enable
  406 00000400 000000FE 
                       FSEC    EQU              0xFE
  407 00000400         ;   </h>
  408 00000400         ; </h>
  409 00000400                 IF               :LNOT::DEF:RAM_TARGET
  410 00000400                 AREA             FlashConfig, DATA, READONLY
  411 00000000         __FlashConfig
  412 00000000 FF FF FF 
              FF               DCB              BackDoorK0, BackDoorK1, BackDoo
rK2, BackDoorK3
  413 00000004 FF FF FF 
              FF               DCB              BackDoorK4, BackDoorK5, BackDoo
rK6, BackDoorK7
  414 00000008 FF FF FF 
              FF               DCB              FPROT0    , FPROT1    , FPROT2 
   , FPROT3
  415 0000000C FE FF FF 
              FF               DCB              FSEC      , FOPT      , 0xFF   
   , 0xFF
  416 00000010                 ENDIF
  417 00000010         
  418 00000010         
  419 00000010                 AREA             |.text|, CODE, READONLY
  420 00000000         
  421 00000000         ; Reset Handler
  422 00000000         
  423 00000000         Reset_Handler



ARM Macro Assembler    Page 13 


                               PROC
  424 00000000                 EXPORT           Reset_Handler             [WEAK
]
  425 00000000                 IMPORT           SystemInit
  426 00000000                 IMPORT           __main
  427 00000000         
  428 00000000                 IF               :LNOT::DEF:RAM_TARGET
  429 00000000                 REQUIRE          FlashConfig
  430 00000000                 ENDIF
  431 00000000         
  432 00000000 B672            CPSID            I           ; Mask interrupts
  433 00000002 4843            LDR              R0, =0xE000ED08
  434 00000004 4943            LDR              R1, =__Vectors
  435 00000006 6001            STR              R1, [R0]
  436 00000008 680A            LDR              R2, [R1]
  437 0000000A F382 8808       MSR              MSP, R2
  438 0000000E 4842            LDR              R0, =SystemInit
  439 00000010 4780            BLX              R0
  440 00000012 B662            CPSIE            i           ; Unmask interrupts
                                                            
  441 00000014 4841            LDR              R0, =__main
  442 00000016 4700            BX               R0
  443 00000018                 ENDP
  444 00000018         
  445 00000018         
  446 00000018         ; Dummy Exception Handlers (infinite loops which can be 
                       modified)
  448 00000018         NMI_Handler
                               PROC
  449 00000018                 EXPORT           NMI_Handler         [WEAK]
  450 00000018 E7FE            B                .
  451 0000001A                 ENDP
  453 0000001A         HardFault_Handler
                               PROC
  454 0000001A                 EXPORT           HardFault_Handler         [WEAK
]
  455 0000001A E7FE            B                .
  456 0000001C                 ENDP
  458 0000001C         MemManage_Handler
                               PROC
  459 0000001C                 EXPORT           MemManage_Handler         [WEAK
]
  460 0000001C E7FE            B                .
  461 0000001E                 ENDP
  463 0000001E         BusFault_Handler
                               PROC
  464 0000001E                 EXPORT           BusFault_Handler         [WEAK]
  465 0000001E E7FE            B                .
  466 00000020                 ENDP
  468 00000020         UsageFault_Handler
                               PROC
  469 00000020                 EXPORT           UsageFault_Handler         [WEA
K]
  470 00000020 E7FE            B                .
  471 00000022                 ENDP
  473 00000022         SVC_Handler
                               PROC
  474 00000022                 EXPORT           SVC_Handler         [WEAK]
  475 00000022 E7FE            B                .



ARM Macro Assembler    Page 14 


  476 00000024                 ENDP
  478 00000024         DebugMon_Handler
                               PROC
  479 00000024                 EXPORT           DebugMon_Handler         [WEAK]
  480 00000024 E7FE            B                .
  481 00000026                 ENDP
  483 00000026         PendSV_Handler
                               PROC
  484 00000026                 EXPORT           PendSV_Handler         [WEAK]
  485 00000026 E7FE            B                .
  486 00000028                 ENDP
  488 00000028         SysTick_Handler
                               PROC
  489 00000028                 EXPORT           SysTick_Handler         [WEAK]
  490 00000028 E7FE            B                .
  491 0000002A                 ENDP
  493 0000002A         DMA0_DMA16_IRQHandler
                               PROC
  494 0000002A                 EXPORT           DMA0_DMA16_IRQHandler         [
WEAK]
  495 0000002A 483D            LDR              R0, =DMA0_DMA16_DriverIRQHandle
r
  496 0000002C 4700            BX               R0
  497 0000002E                 ENDP
  498 0000002E         
  500 0000002E         DMA1_DMA17_IRQHandler
                               PROC
  501 0000002E                 EXPORT           DMA1_DMA17_IRQHandler         [
WEAK]
  502 0000002E 483D            LDR              R0, =DMA1_DMA17_DriverIRQHandle
r
  503 00000030 4700            BX               R0
  504 00000032                 ENDP
  505 00000032         
  507 00000032         DMA2_DMA18_IRQHandler
                               PROC
  508 00000032                 EXPORT           DMA2_DMA18_IRQHandler         [
WEAK]
  509 00000032 483D            LDR              R0, =DMA2_DMA18_DriverIRQHandle
r
  510 00000034 4700            BX               R0
  511 00000036                 ENDP
  512 00000036         
  514 00000036         DMA3_DMA19_IRQHandler
                               PROC
  515 00000036                 EXPORT           DMA3_DMA19_IRQHandler         [
WEAK]
  516 00000036 483D            LDR              R0, =DMA3_DMA19_DriverIRQHandle
r
  517 00000038 4700            BX               R0
  518 0000003A                 ENDP
  519 0000003A         
  521 0000003A         DMA4_DMA20_IRQHandler
                               PROC
  522 0000003A                 EXPORT           DMA4_DMA20_IRQHandler         [
WEAK]
  523 0000003A 483D            LDR              R0, =DMA4_DMA20_DriverIRQHandle
r
  524 0000003C 4700            BX               R0



ARM Macro Assembler    Page 15 


  525 0000003E                 ENDP
  526 0000003E         
  528 0000003E         DMA5_DMA21_IRQHandler
                               PROC
  529 0000003E                 EXPORT           DMA5_DMA21_IRQHandler         [
WEAK]
  530 0000003E 483D            LDR              R0, =DMA5_DMA21_DriverIRQHandle
r
  531 00000040 4700            BX               R0
  532 00000042                 ENDP
  533 00000042         
  535 00000042         DMA6_DMA22_IRQHandler
                               PROC
  536 00000042                 EXPORT           DMA6_DMA22_IRQHandler         [
WEAK]
  537 00000042 483D            LDR              R0, =DMA6_DMA22_DriverIRQHandle
r
  538 00000044 4700            BX               R0
  539 00000046                 ENDP
  540 00000046         
  542 00000046         DMA7_DMA23_IRQHandler
                               PROC
  543 00000046                 EXPORT           DMA7_DMA23_IRQHandler         [
WEAK]
  544 00000046 483D            LDR              R0, =DMA7_DMA23_DriverIRQHandle
r
  545 00000048 4700            BX               R0
  546 0000004A                 ENDP
  547 0000004A         
  549 0000004A         DMA8_DMA24_IRQHandler
                               PROC
  550 0000004A                 EXPORT           DMA8_DMA24_IRQHandler         [
WEAK]
  551 0000004A 483D            LDR              R0, =DMA8_DMA24_DriverIRQHandle
r
  552 0000004C 4700            BX               R0
  553 0000004E                 ENDP
  554 0000004E         
  556 0000004E         DMA9_DMA25_IRQHandler
                               PROC
  557 0000004E                 EXPORT           DMA9_DMA25_IRQHandler         [
WEAK]
  558 0000004E 483D            LDR              R0, =DMA9_DMA25_DriverIRQHandle
r
  559 00000050 4700            BX               R0
  560 00000052                 ENDP
  561 00000052         
  563 00000052         DMA10_DMA26_IRQHandler
                               PROC
  564 00000052                 EXPORT           DMA10_DMA26_IRQHandler         
[WEAK]
  565 00000052 483D            LDR              R0, =DMA10_DMA26_DriverIRQHandl
er
  566 00000054 4700            BX               R0
  567 00000056                 ENDP
  568 00000056         
  570 00000056         DMA11_DMA27_IRQHandler
                               PROC
  571 00000056                 EXPORT           DMA11_DMA27_IRQHandler         



ARM Macro Assembler    Page 16 


[WEAK]
  572 00000056 483D            LDR              R0, =DMA11_DMA27_DriverIRQHandl
er
  573 00000058 4700            BX               R0
  574 0000005A                 ENDP
  575 0000005A         
  577 0000005A         DMA12_DMA28_IRQHandler
                               PROC
  578 0000005A                 EXPORT           DMA12_DMA28_IRQHandler         
[WEAK]
  579 0000005A 483D            LDR              R0, =DMA12_DMA28_DriverIRQHandl
er
  580 0000005C 4700            BX               R0
  581 0000005E                 ENDP
  582 0000005E         
  584 0000005E         DMA13_DMA29_IRQHandler
                               PROC
  585 0000005E                 EXPORT           DMA13_DMA29_IRQHandler         
[WEAK]
  586 0000005E 483D            LDR              R0, =DMA13_DMA29_DriverIRQHandl
er
  587 00000060 4700            BX               R0
  588 00000062                 ENDP
  589 00000062         
  591 00000062         DMA14_DMA30_IRQHandler
                               PROC
  592 00000062                 EXPORT           DMA14_DMA30_IRQHandler         
[WEAK]
  593 00000062 483D            LDR              R0, =DMA14_DMA30_DriverIRQHandl
er
  594 00000064 4700            BX               R0
  595 00000066                 ENDP
  596 00000066         
  598 00000066         DMA15_DMA31_IRQHandler
                               PROC
  599 00000066                 EXPORT           DMA15_DMA31_IRQHandler         
[WEAK]
  600 00000066 483D            LDR              R0, =DMA15_DMA31_DriverIRQHandl
er
  601 00000068 4700            BX               R0
  602 0000006A                 ENDP
  603 0000006A         
  605 0000006A         DMA_Error_IRQHandler
                               PROC
  606 0000006A                 EXPORT           DMA_Error_IRQHandler         [W
EAK]
  607 0000006A 483D            LDR              R0, =DMA_Error_DriverIRQHandler
  608 0000006C 4700            BX               R0
  609 0000006E                 ENDP
  610 0000006E         
  612 0000006E         I2C0_IRQHandler
                               PROC
  613 0000006E                 EXPORT           I2C0_IRQHandler         [WEAK]
  614 0000006E 483D            LDR              R0, =I2C0_DriverIRQHandler
  615 00000070 4700            BX               R0
  616 00000072                 ENDP
  617 00000072         
  619 00000072         I2C1_IRQHandler
                               PROC



ARM Macro Assembler    Page 17 


  620 00000072                 EXPORT           I2C1_IRQHandler         [WEAK]
  621 00000072 483D            LDR              R0, =I2C1_DriverIRQHandler
  622 00000074 4700            BX               R0
  623 00000076                 ENDP
  624 00000076         
  626 00000076         SPI0_IRQHandler
                               PROC
  627 00000076                 EXPORT           SPI0_IRQHandler         [WEAK]
  628 00000076 483D            LDR              R0, =SPI0_DriverIRQHandler
  629 00000078 4700            BX               R0
  630 0000007A                 ENDP
  631 0000007A         
  633 0000007A         SPI1_IRQHandler
                               PROC
  634 0000007A                 EXPORT           SPI1_IRQHandler         [WEAK]
  635 0000007A 483D            LDR              R0, =SPI1_DriverIRQHandler
  636 0000007C 4700            BX               R0
  637 0000007E                 ENDP
  638 0000007E         
  640 0000007E         UART5_RX_TX_IRQHandler
                               PROC
  641 0000007E                 EXPORT           UART5_RX_TX_IRQHandler         
[WEAK]
  642 0000007E 483D            LDR              R0, =UART5_RX_TX_DriverIRQHandl
er
  643 00000080 4700            BX               R0
  644 00000082                 ENDP
  645 00000082         
  647 00000082         UART5_ERR_IRQHandler
                               PROC
  648 00000082                 EXPORT           UART5_ERR_IRQHandler         [W
EAK]
  649 00000082 483D            LDR              R0, =UART5_ERR_DriverIRQHandler
  650 00000084 4700            BX               R0
  651 00000086                 ENDP
  652 00000086         
  654 00000086         UART0_RX_TX_IRQHandler
                               PROC
  655 00000086                 EXPORT           UART0_RX_TX_IRQHandler         
[WEAK]
  656 00000086 483D            LDR              R0, =UART0_RX_TX_DriverIRQHandl
er
  657 00000088 4700            BX               R0
  658 0000008A                 ENDP
  659 0000008A         
  661 0000008A         UART0_ERR_IRQHandler
                               PROC
  662 0000008A                 EXPORT           UART0_ERR_IRQHandler         [W
EAK]
  663 0000008A 483D            LDR              R0, =UART0_ERR_DriverIRQHandler
  664 0000008C 4700            BX               R0
  665 0000008E                 ENDP
  666 0000008E         
  668 0000008E         UART1_RX_TX_IRQHandler
                               PROC
  669 0000008E                 EXPORT           UART1_RX_TX_IRQHandler         
[WEAK]
  670 0000008E 483D            LDR              R0, =UART1_RX_TX_DriverIRQHandl
er



ARM Macro Assembler    Page 18 


  671 00000090 4700            BX               R0
  672 00000092                 ENDP
  673 00000092         
  675 00000092         UART1_ERR_IRQHandler
                               PROC
  676 00000092                 EXPORT           UART1_ERR_IRQHandler         [W
EAK]
  677 00000092 483D            LDR              R0, =UART1_ERR_DriverIRQHandler
  678 00000094 4700            BX               R0
  679 00000096                 ENDP
  680 00000096         
  682 00000096         UART2_RX_TX_IRQHandler
                               PROC
  683 00000096                 EXPORT           UART2_RX_TX_IRQHandler         
[WEAK]
  684 00000096 483D            LDR              R0, =UART2_RX_TX_DriverIRQHandl
er
  685 00000098 4700            BX               R0
  686 0000009A                 ENDP
  687 0000009A         
  689 0000009A         UART2_ERR_IRQHandler
                               PROC
  690 0000009A                 EXPORT           UART2_ERR_IRQHandler         [W
EAK]
  691 0000009A 483D            LDR              R0, =UART2_ERR_DriverIRQHandler
  692 0000009C 4700            BX               R0
  693 0000009E                 ENDP
  694 0000009E         
  696 0000009E         UART3_RX_TX_IRQHandler
                               PROC
  697 0000009E                 EXPORT           UART3_RX_TX_IRQHandler         
[WEAK]
  698 0000009E 483D            LDR              R0, =UART3_RX_TX_DriverIRQHandl
er
  699 000000A0 4700            BX               R0
  700 000000A2                 ENDP
  701 000000A2         
  703 000000A2         UART3_ERR_IRQHandler
                               PROC
  704 000000A2                 EXPORT           UART3_ERR_IRQHandler         [W
EAK]
  705 000000A2 483D            LDR              R0, =UART3_ERR_DriverIRQHandler
  706 000000A4 4700            BX               R0
  707 000000A6                 ENDP
  708 000000A6         
  710 000000A6         UART4_RX_TX_IRQHandler
                               PROC
  711 000000A6                 EXPORT           UART4_RX_TX_IRQHandler         
[WEAK]
  712 000000A6 483D            LDR              R0, =UART4_RX_TX_DriverIRQHandl
er
  713 000000A8 4700            BX               R0
  714 000000AA                 ENDP
  715 000000AA         
  717 000000AA         UART4_ERR_IRQHandler
                               PROC
  718 000000AA                 EXPORT           UART4_ERR_IRQHandler         [W
EAK]
  719 000000AA 483D            LDR              R0, =UART4_ERR_DriverIRQHandler



ARM Macro Assembler    Page 19 


  720 000000AC 4700            BX               R0
  721 000000AE                 ENDP
  722 000000AE         
  724 000000AE         SPI2_IRQHandler
                               PROC
  725 000000AE                 EXPORT           SPI2_IRQHandler         [WEAK]
  726 000000AE 483D            LDR              R0, =SPI2_DriverIRQHandler
  727 000000B0 4700            BX               R0
  728 000000B2                 ENDP
  729 000000B2         
  731 000000B2         CAN0_ORed_Message_buffer_IRQHandler
                               PROC
  732 000000B2                 EXPORT           CAN0_ORed_Message_buffer_IRQHan
dler         [WEAK]
  733 000000B2 483D            LDR              R0, =CAN0_DriverIRQHandler
  734 000000B4 4700            BX               R0
  735 000000B6                 ENDP
  736 000000B6         
  738 000000B6         CAN0_Bus_Off_IRQHandler
                               PROC
  739 000000B6                 EXPORT           CAN0_Bus_Off_IRQHandler        
 [WEAK]
  740 000000B6 483C            LDR              R0, =CAN0_DriverIRQHandler
  741 000000B8 4700            BX               R0
  742 000000BA                 ENDP
  743 000000BA         
  745 000000BA         CAN0_Error_IRQHandler
                               PROC
  746 000000BA                 EXPORT           CAN0_Error_IRQHandler         [
WEAK]
  747 000000BA 483B            LDR              R0, =CAN0_DriverIRQHandler
  748 000000BC 4700            BX               R0
  749 000000BE                 ENDP
  750 000000BE         
  752 000000BE         CAN0_Tx_Warning_IRQHandler
                               PROC
  753 000000BE                 EXPORT           CAN0_Tx_Warning_IRQHandler     
    [WEAK]
  754 000000BE 483A            LDR              R0, =CAN0_DriverIRQHandler
  755 000000C0 4700            BX               R0
  756 000000C2                 ENDP
  757 000000C2         
  759 000000C2         CAN0_Rx_Warning_IRQHandler
                               PROC
  760 000000C2                 EXPORT           CAN0_Rx_Warning_IRQHandler     
    [WEAK]
  761 000000C2 4839            LDR              R0, =CAN0_DriverIRQHandler
  762 000000C4 4700            BX               R0
  763 000000C6                 ENDP
  764 000000C6         
  766 000000C6         CAN0_Wake_Up_IRQHandler
                               PROC
  767 000000C6                 EXPORT           CAN0_Wake_Up_IRQHandler        
 [WEAK]
  768 000000C6 4838            LDR              R0, =CAN0_DriverIRQHandler
  769 000000C8 4700            BX               R0
  770 000000CA                 ENDP
  771 000000CA         
  773 000000CA         CAN1_ORed_Message_buffer_IRQHandler



ARM Macro Assembler    Page 20 


                               PROC
  774 000000CA                 EXPORT           CAN1_ORed_Message_buffer_IRQHan
dler         [WEAK]
  775 000000CA 4838            LDR              R0, =CAN1_DriverIRQHandler
  776 000000CC 4700            BX               R0
  777 000000CE                 ENDP
  778 000000CE         
  780 000000CE         CAN1_Bus_Off_IRQHandler
                               PROC
  781 000000CE                 EXPORT           CAN1_Bus_Off_IRQHandler        
 [WEAK]
  782 000000CE 4837            LDR              R0, =CAN1_DriverIRQHandler
  783 000000D0 4700            BX               R0
  784 000000D2                 ENDP
  785 000000D2         
  787 000000D2         CAN1_Error_IRQHandler
                               PROC
  788 000000D2                 EXPORT           CAN1_Error_IRQHandler         [
WEAK]
  789 000000D2 4836            LDR              R0, =CAN1_DriverIRQHandler
  790 000000D4 4700            BX               R0
  791 000000D6                 ENDP
  792 000000D6         
  794 000000D6         CAN1_Tx_Warning_IRQHandler
                               PROC
  795 000000D6                 EXPORT           CAN1_Tx_Warning_IRQHandler     
    [WEAK]
  796 000000D6 4835            LDR              R0, =CAN1_DriverIRQHandler
  797 000000D8 4700            BX               R0
  798 000000DA                 ENDP
  799 000000DA         
  801 000000DA         CAN1_Rx_Warning_IRQHandler
                               PROC
  802 000000DA                 EXPORT           CAN1_Rx_Warning_IRQHandler     
    [WEAK]
  803 000000DA 4834            LDR              R0, =CAN1_DriverIRQHandler
  804 000000DC 4700            BX               R0
  805 000000DE                 ENDP
  806 000000DE         
  808 000000DE         CAN1_Wake_Up_IRQHandler
                               PROC
  809 000000DE                 EXPORT           CAN1_Wake_Up_IRQHandler        
 [WEAK]
  810 000000DE 4833            LDR              R0, =CAN1_DriverIRQHandler
  811 000000E0 4700            BX               R0
  812 000000E2                 ENDP
  813 000000E2         
  815 000000E2         ENET_1588_Timer_IRQHandler
                               PROC
  816 000000E2                 EXPORT           ENET_1588_Timer_IRQHandler     
    [WEAK]
  817 000000E2 4833            LDR              R0, =ENET_1588_Timer_DriverIRQH
andler
  818 000000E4 4700            BX               R0
  819 000000E6                 ENDP
  820 000000E6         
  822 000000E6         ENET_Transmit_IRQHandler
                               PROC
  823 000000E6                 EXPORT           ENET_Transmit_IRQHandler       



ARM Macro Assembler    Page 21 


  [WEAK]
  824 000000E6 4833            LDR              R0, =ENET_Transmit_DriverIRQHan
dler
  825 000000E8 4700            BX               R0
  826 000000EA                 ENDP
  827 000000EA         
  829 000000EA         ENET_Receive_IRQHandler
                               PROC
  830 000000EA                 EXPORT           ENET_Receive_IRQHandler        
 [WEAK]
  831 000000EA 4833            LDR              R0, =ENET_Receive_DriverIRQHand
ler
  832 000000EC 4700            BX               R0
  833 000000EE                 ENDP
  834 000000EE         
  836 000000EE         ENET_Error_IRQHandler
                               PROC
  837 000000EE                 EXPORT           ENET_Error_IRQHandler         [
WEAK]
  838 000000EE 4833            LDR              R0, =ENET_Error_DriverIRQHandle
r
  839 000000F0 4700            BX               R0
  840 000000F2                 ENDP
  841 000000F2         
  843 000000F2         CAN2_ORed_Message_buffer_IRQHandler
                               PROC
  844 000000F2                 EXPORT           CAN2_ORed_Message_buffer_IRQHan
dler         [WEAK]
  845 000000F2 4833            LDR              R0, =CAN2_DriverIRQHandler
  846 000000F4 4700            BX               R0
  847 000000F6                 ENDP
  848 000000F6         
  850 000000F6         CAN2_Bus_Off_IRQHandler
                               PROC
  851 000000F6                 EXPORT           CAN2_Bus_Off_IRQHandler        
 [WEAK]
  852 000000F6 4832            LDR              R0, =CAN2_DriverIRQHandler
  853 000000F8 4700            BX               R0
  854 000000FA                 ENDP
  855 000000FA         
  857 000000FA         CAN2_Error_IRQHandler
                               PROC
  858 000000FA                 EXPORT           CAN2_Error_IRQHandler         [
WEAK]
  859 000000FA 4831            LDR              R0, =CAN2_DriverIRQHandler
  860 000000FC 4700            BX               R0
  861 000000FE                 ENDP
  862 000000FE         
  864 000000FE         CAN2_Tx_Warning_IRQHandler
                               PROC
  865 000000FE                 EXPORT           CAN2_Tx_Warning_IRQHandler     
    [WEAK]
  866 000000FE 4830            LDR              R0, =CAN2_DriverIRQHandler
  867 00000100 4700            BX               R0
  868 00000102                 ENDP
  869 00000102         
  871 00000102         CAN2_Rx_Warning_IRQHandler
                               PROC
  872 00000102                 EXPORT           CAN2_Rx_Warning_IRQHandler     



ARM Macro Assembler    Page 22 


    [WEAK]
  873 00000102 482F            LDR              R0, =CAN2_DriverIRQHandler
  874 00000104 4700            BX               R0
  875 00000106                 ENDP
  876 00000106         
  878 00000106         CAN2_Wake_Up_IRQHandler
                               PROC
  879 00000106                 EXPORT           CAN2_Wake_Up_IRQHandler        
 [WEAK]
  880 00000106 482E            LDR              R0, =CAN2_DriverIRQHandler
  881 00000108 4700            BX               R0
  882 0000010A                 ENDP
  883 0000010A         
  885 0000010A         Default_Handler
                               PROC
  886 0000010A                 EXPORT           DMA0_DMA16_DriverIRQHandler    
     [WEAK]
  887 0000010A                 EXPORT           DMA1_DMA17_DriverIRQHandler    
     [WEAK]
  888 0000010A                 EXPORT           DMA2_DMA18_DriverIRQHandler    
     [WEAK]
  889 0000010A                 EXPORT           DMA3_DMA19_DriverIRQHandler    
     [WEAK]
  890 0000010A                 EXPORT           DMA4_DMA20_DriverIRQHandler    
     [WEAK]
  891 0000010A                 EXPORT           DMA5_DMA21_DriverIRQHandler    
     [WEAK]
  892 0000010A                 EXPORT           DMA6_DMA22_DriverIRQHandler    
     [WEAK]
  893 0000010A                 EXPORT           DMA7_DMA23_DriverIRQHandler    
     [WEAK]
  894 0000010A                 EXPORT           DMA8_DMA24_DriverIRQHandler    
     [WEAK]
  895 0000010A                 EXPORT           DMA9_DMA25_DriverIRQHandler    
     [WEAK]
  896 0000010A                 EXPORT           DMA10_DMA26_DriverIRQHandler   
      [WEAK]
  897 0000010A                 EXPORT           DMA11_DMA27_DriverIRQHandler   
      [WEAK]
  898 0000010A                 EXPORT           DMA12_DMA28_DriverIRQHandler   
      [WEAK]
  899 0000010A                 EXPORT           DMA13_DMA29_DriverIRQHandler   
      [WEAK]
  900 0000010A                 EXPORT           DMA14_DMA30_DriverIRQHandler   
      [WEAK]
  901 0000010A                 EXPORT           DMA15_DMA31_DriverIRQHandler   
      [WEAK]
  902 0000010A                 EXPORT           DMA_Error_DriverIRQHandler     
    [WEAK]
  903 0000010A                 EXPORT           MCM_IRQHandler         [WEAK]
  904 0000010A                 EXPORT           FTFE_IRQHandler         [WEAK]
  905 0000010A                 EXPORT           Read_Collision_IRQHandler      
   [WEAK]
  906 0000010A                 EXPORT           PMC_IRQHandler         [WEAK]
  907 0000010A                 EXPORT           LLWU_IRQHandler         [WEAK]
  908 0000010A                 EXPORT           WDOG_EWM_IRQHandler         [WE
AK]
  909 0000010A                 EXPORT           TRNG0_IRQHandler         [WEAK]
  910 0000010A                 EXPORT           I2C0_DriverIRQHandler         [



ARM Macro Assembler    Page 23 


WEAK]
  911 0000010A                 EXPORT           I2C1_DriverIRQHandler         [
WEAK]
  912 0000010A                 EXPORT           SPI0_DriverIRQHandler         [
WEAK]
  913 0000010A                 EXPORT           SPI1_DriverIRQHandler         [
WEAK]
  914 0000010A                 EXPORT           UART5_RX_TX_DriverIRQHandler   
      [WEAK]
  915 0000010A                 EXPORT           UART5_ERR_DriverIRQHandler     
    [WEAK]
  916 0000010A                 EXPORT           Reserved46_IRQHandler         [
WEAK]
  917 0000010A                 EXPORT           UART0_RX_TX_DriverIRQHandler   
      [WEAK]
  918 0000010A                 EXPORT           UART0_ERR_DriverIRQHandler     
    [WEAK]
  919 0000010A                 EXPORT           UART1_RX_TX_DriverIRQHandler   
      [WEAK]
  920 0000010A                 EXPORT           UART1_ERR_DriverIRQHandler     
    [WEAK]
  921 0000010A                 EXPORT           UART2_RX_TX_DriverIRQHandler   
      [WEAK]
  922 0000010A                 EXPORT           UART2_ERR_DriverIRQHandler     
    [WEAK]
  923 0000010A                 EXPORT           ADC0_IRQHandler         [WEAK]
  924 0000010A                 EXPORT           HSADC_ERR_IRQHandler         [W
EAK]
  925 0000010A                 EXPORT           HSADC0_CCA_IRQHandler         [
WEAK]
  926 0000010A                 EXPORT           CMP0_IRQHandler         [WEAK]
  927 0000010A                 EXPORT           CMP1_IRQHandler         [WEAK]
  928 0000010A                 EXPORT           FTM0_IRQHandler         [WEAK]
  929 0000010A                 EXPORT           FTM1_IRQHandler         [WEAK]
  930 0000010A                 EXPORT           UART3_RX_TX_DriverIRQHandler   
      [WEAK]
  931 0000010A                 EXPORT           UART3_ERR_DriverIRQHandler     
    [WEAK]
  932 0000010A                 EXPORT           UART4_RX_TX_DriverIRQHandler   
      [WEAK]
  933 0000010A                 EXPORT           UART4_ERR_DriverIRQHandler     
    [WEAK]
  934 0000010A                 EXPORT           PIT0_IRQHandler         [WEAK]
  935 0000010A                 EXPORT           PIT1_IRQHandler         [WEAK]
  936 0000010A                 EXPORT           PIT2_IRQHandler         [WEAK]
  937 0000010A                 EXPORT           PIT3_IRQHandler         [WEAK]
  938 0000010A                 EXPORT           PDB0_IRQHandler         [WEAK]
  939 0000010A                 EXPORT           FTM2_IRQHandler         [WEAK]
  940 0000010A                 EXPORT           XBARA_IRQHandler         [WEAK]
  941 0000010A                 EXPORT           PDB1_IRQHandler         [WEAK]
  942 0000010A                 EXPORT           DAC0_IRQHandler         [WEAK]
  943 0000010A                 EXPORT           MCG_IRQHandler         [WEAK]
  944 0000010A                 EXPORT           LPTMR0_IRQHandler         [WEAK
]
  945 0000010A                 EXPORT           PORTA_IRQHandler         [WEAK]
  946 0000010A                 EXPORT           PORTB_IRQHandler         [WEAK]
  947 0000010A                 EXPORT           PORTC_IRQHandler         [WEAK]
  948 0000010A                 EXPORT           PORTD_IRQHandler         [WEAK]
  949 0000010A                 EXPORT           PORTE_IRQHandler         [WEAK]



ARM Macro Assembler    Page 24 


  950 0000010A                 EXPORT           SWI_IRQHandler         [WEAK]
  951 0000010A                 EXPORT           SPI2_DriverIRQHandler         [
WEAK]
  952 0000010A                 EXPORT           ENC_COMPARE_IRQHandler         
[WEAK]
  953 0000010A                 EXPORT           ENC_HOME_IRQHandler         [WE
AK]
  954 0000010A                 EXPORT           ENC_WDOG_SAB_IRQHandler        
 [WEAK]
  955 0000010A                 EXPORT           ENC_INDEX_IRQHandler         [W
EAK]
  956 0000010A                 EXPORT           CMP2_IRQHandler         [WEAK]
  957 0000010A                 EXPORT           FTM3_IRQHandler         [WEAK]
  958 0000010A                 EXPORT           Reserved88_IRQHandler         [
WEAK]
  959 0000010A                 EXPORT           HSADC0_CCB_IRQHandler         [
WEAK]
  960 0000010A                 EXPORT           HSADC1_CCA_IRQHandler         [
WEAK]
  961 0000010A                 EXPORT           CAN0_DriverIRQHandler         [
WEAK]
  962 0000010A                 EXPORT           PWM0_CMP0_IRQHandler         [W
EAK]
  963 0000010A                 EXPORT           PWM0_RELOAD0_IRQHandler        
 [WEAK]
  964 0000010A                 EXPORT           PWM0_CMP1_IRQHandler         [W
EAK]
  965 0000010A                 EXPORT           PWM0_RELOAD1_IRQHandler        
 [WEAK]
  966 0000010A                 EXPORT           PWM0_CMP2_IRQHandler         [W
EAK]
  967 0000010A                 EXPORT           PWM0_RELOAD2_IRQHandler        
 [WEAK]
  968 0000010A                 EXPORT           PWM0_CMP3_IRQHandler         [W
EAK]
  969 0000010A                 EXPORT           PWM0_RELOAD3_IRQHandler        
 [WEAK]
  970 0000010A                 EXPORT           PWM0_CAP_IRQHandler         [WE
AK]
  971 0000010A                 EXPORT           PWM0_RERR_IRQHandler         [W
EAK]
  972 0000010A                 EXPORT           PWM0_FAULT_IRQHandler         [
WEAK]
  973 0000010A                 EXPORT           CMP3_IRQHandler         [WEAK]
  974 0000010A                 EXPORT           HSADC1_CCB_IRQHandler         [
WEAK]
  975 0000010A                 EXPORT           CAN1_DriverIRQHandler         [
WEAK]
  976 0000010A                 EXPORT           ENET_1588_Timer_DriverIRQHandle
r         [WEAK]
  977 0000010A                 EXPORT           ENET_Transmit_DriverIRQHandler 
        [WEAK]
  978 0000010A                 EXPORT           ENET_Receive_DriverIRQHandler  
       [WEAK]
  979 0000010A                 EXPORT           ENET_Error_DriverIRQHandler    
     [WEAK]
  980 0000010A                 EXPORT           PWM1_CMP0_IRQHandler         [W
EAK]
  981 0000010A                 EXPORT           PWM1_RELOAD0_IRQHandler        



ARM Macro Assembler    Page 25 


 [WEAK]
  982 0000010A                 EXPORT           PWM1_CMP1_IRQHandler         [W
EAK]
  983 0000010A                 EXPORT           PWM1_RELOAD1_IRQHandler        
 [WEAK]
  984 0000010A                 EXPORT           PWM1_CMP2_IRQHandler         [W
EAK]
  985 0000010A                 EXPORT           PWM1_RELOAD2_IRQHandler        
 [WEAK]
  986 0000010A                 EXPORT           PWM1_CMP3_IRQHandler         [W
EAK]
  987 0000010A                 EXPORT           PWM1_RELOAD3_IRQHandler        
 [WEAK]
  988 0000010A                 EXPORT           PWM1_CAP_IRQHandler         [WE
AK]
  989 0000010A                 EXPORT           PWM1_RERR_IRQHandler         [W
EAK]
  990 0000010A                 EXPORT           PWM1_FAULT_IRQHandler         [
WEAK]
  991 0000010A                 EXPORT           CAN2_DriverIRQHandler         [
WEAK]
  992 0000010A                 EXPORT           DefaultISR         [WEAK]
  993 0000010A         DMA0_DMA16_DriverIRQHandler
  994 0000010A         DMA1_DMA17_DriverIRQHandler
  995 0000010A         DMA2_DMA18_DriverIRQHandler
  996 0000010A         DMA3_DMA19_DriverIRQHandler
  997 0000010A         DMA4_DMA20_DriverIRQHandler
  998 0000010A         DMA5_DMA21_DriverIRQHandler
  999 0000010A         DMA6_DMA22_DriverIRQHandler
 1000 0000010A         DMA7_DMA23_DriverIRQHandler
 1001 0000010A         DMA8_DMA24_DriverIRQHandler
 1002 0000010A         DMA9_DMA25_DriverIRQHandler
 1003 0000010A         DMA10_DMA26_DriverIRQHandler
 1004 0000010A         DMA11_DMA27_DriverIRQHandler
 1005 0000010A         DMA12_DMA28_DriverIRQHandler
 1006 0000010A         DMA13_DMA29_DriverIRQHandler
 1007 0000010A         DMA14_DMA30_DriverIRQHandler
 1008 0000010A         DMA15_DMA31_DriverIRQHandler
 1009 0000010A         DMA_Error_DriverIRQHandler
 1010 0000010A         MCM_IRQHandler
 1011 0000010A         FTFE_IRQHandler
 1012 0000010A         Read_Collision_IRQHandler
 1013 0000010A         PMC_IRQHandler
 1014 0000010A         LLWU_IRQHandler
 1015 0000010A         WDOG_EWM_IRQHandler
 1016 0000010A         TRNG0_IRQHandler
 1017 0000010A         I2C0_DriverIRQHandler
 1018 0000010A         I2C1_DriverIRQHandler
 1019 0000010A         SPI0_DriverIRQHandler
 1020 0000010A         SPI1_DriverIRQHandler
 1021 0000010A         UART5_RX_TX_DriverIRQHandler
 1022 0000010A         UART5_ERR_DriverIRQHandler
 1023 0000010A         Reserved46_IRQHandler
 1024 0000010A         UART0_RX_TX_DriverIRQHandler
 1025 0000010A         UART0_ERR_DriverIRQHandler
 1026 0000010A         UART1_RX_TX_DriverIRQHandler
 1027 0000010A         UART1_ERR_DriverIRQHandler
 1028 0000010A         UART2_RX_TX_DriverIRQHandler
 1029 0000010A         UART2_ERR_DriverIRQHandler



ARM Macro Assembler    Page 26 


 1030 0000010A         ADC0_IRQHandler
 1031 0000010A         HSADC_ERR_IRQHandler
 1032 0000010A         HSADC0_CCA_IRQHandler
 1033 0000010A         CMP0_IRQHandler
 1034 0000010A         CMP1_IRQHandler
 1035 0000010A         FTM0_IRQHandler
 1036 0000010A         FTM1_IRQHandler
 1037 0000010A         UART3_RX_TX_DriverIRQHandler
 1038 0000010A         UART3_ERR_DriverIRQHandler
 1039 0000010A         UART4_RX_TX_DriverIRQHandler
 1040 0000010A         UART4_ERR_DriverIRQHandler
 1041 0000010A         PIT0_IRQHandler
 1042 0000010A         PIT1_IRQHandler
 1043 0000010A         PIT2_IRQHandler
 1044 0000010A         PIT3_IRQHandler
 1045 0000010A         PDB0_IRQHandler
 1046 0000010A         FTM2_IRQHandler
 1047 0000010A         XBARA_IRQHandler
 1048 0000010A         PDB1_IRQHandler
 1049 0000010A         DAC0_IRQHandler
 1050 0000010A         MCG_IRQHandler
 1051 0000010A         LPTMR0_IRQHandler
 1052 0000010A         PORTA_IRQHandler
 1053 0000010A         PORTB_IRQHandler
 1054 0000010A         PORTC_IRQHandler
 1055 0000010A         PORTD_IRQHandler
 1056 0000010A         PORTE_IRQHandler
 1057 0000010A         SWI_IRQHandler
 1058 0000010A         SPI2_DriverIRQHandler
 1059 0000010A         ENC_COMPARE_IRQHandler
 1060 0000010A         ENC_HOME_IRQHandler
 1061 0000010A         ENC_WDOG_SAB_IRQHandler
 1062 0000010A         ENC_INDEX_IRQHandler
 1063 0000010A         CMP2_IRQHandler
 1064 0000010A         FTM3_IRQHandler
 1065 0000010A         Reserved88_IRQHandler
 1066 0000010A         HSADC0_CCB_IRQHandler
 1067 0000010A         HSADC1_CCA_IRQHandler
 1068 0000010A         CAN0_DriverIRQHandler
 1069 0000010A         PWM0_CMP0_IRQHandler
 1070 0000010A         PWM0_RELOAD0_IRQHandler
 1071 0000010A         PWM0_CMP1_IRQHandler
 1072 0000010A         PWM0_RELOAD1_IRQHandler
 1073 0000010A         PWM0_CMP2_IRQHandler
 1074 0000010A         PWM0_RELOAD2_IRQHandler
 1075 0000010A         PWM0_CMP3_IRQHandler
 1076 0000010A         PWM0_RELOAD3_IRQHandler
 1077 0000010A         PWM0_CAP_IRQHandler
 1078 0000010A         PWM0_RERR_IRQHandler
 1079 0000010A         PWM0_FAULT_IRQHandler
 1080 0000010A         CMP3_IRQHandler
 1081 0000010A         HSADC1_CCB_IRQHandler
 1082 0000010A         CAN1_DriverIRQHandler
 1083 0000010A         ENET_1588_Timer_DriverIRQHandler
 1084 0000010A         ENET_Transmit_DriverIRQHandler
 1085 0000010A         ENET_Receive_DriverIRQHandler
 1086 0000010A         ENET_Error_DriverIRQHandler
 1087 0000010A         PWM1_CMP0_IRQHandler
 1088 0000010A         PWM1_RELOAD0_IRQHandler



ARM Macro Assembler    Page 27 


 1089 0000010A         PWM1_CMP1_IRQHandler
 1090 0000010A         PWM1_RELOAD1_IRQHandler
 1091 0000010A         PWM1_CMP2_IRQHandler
 1092 0000010A         PWM1_RELOAD2_IRQHandler
 1093 0000010A         PWM1_CMP3_IRQHandler
 1094 0000010A         PWM1_RELOAD3_IRQHandler
 1095 0000010A         PWM1_CAP_IRQHandler
 1096 0000010A         PWM1_RERR_IRQHandler
 1097 0000010A         PWM1_FAULT_IRQHandler
 1098 0000010A         CAN2_DriverIRQHandler
 1099 0000010A         DefaultISR
 1100 0000010A 483D            LDR              R0, =DefaultISR
 1101 0000010C 4700            BX               R0
 1102 0000010E                 ENDP
 1103 0000010E 00 00           ALIGN
 1104 00000110         
 1105 00000110         
 1106 00000110                 END
              E000ED08 
              00000000 
              00000000 
              00000000 
              00000000 
              00000000 
              00000000 
              00000000 
              00000000 
              00000000 
              00000000 
              00000000 
              00000000 
              00000000 
              00000000 
              00000000 
              00000000 
              00000000 
              00000000 
              00000000 
              00000000 
              00000000 
              00000000 
              00000000 
              00000000 
              00000000 
              00000000 
              00000000 
              00000000 
              00000000 
              00000000 
              00000000 
              00000000 
              00000000 
              00000000 
              00000000 
              00000000 
              00000000 
              00000000 
              00000000 
              00000000 



ARM Macro Assembler    Page 28 


              00000000 
              00000000 
              00000000 
              00000000 
              00000000 
              00000000 
              00000000 
              00000000 
              00000000 
              00000000 
              00000000 
              00000000 
              00000000 
              00000000 
              00000000 
              00000000 
              00000000 
              00000000 
              00000000 
              00000000 
Command Line: --debug --diag_suppress=9931 --cpu=Cortex-M7.fp.sp --apcs=interwo
rk --depend=debug\startup_mkv58f24.d -odebug\startup_mkv58f24.o -I.\RTE\_pflash
_debug -I"D:\KEIL5  MDK\ARM\PACK\Keil\Kinetis_KVxx_DFP\1.6.0\Device\Include" -I
"D:\KEIL5  MDK\ARM\CMSIS\Include" --predefine="__MICROLIB SETA 1" --predefine="
__UVISION_VERSION SETA 525" --predefine="MKV58F1M0xxx24 SETA 1" --predefine="DE
BUG SETA 1" --predefine="__STARTUP_INITIALIZE_NONCACHEDATA SETA 1" --list=.\out
put\startup_mkv58f24.lst ..\..\Devices\arm\startup_MKV58F24.s
